*** Using Compiler 'V5.06 update 7 (build 960)', folder: 'D:\mysoftware\keil_arm\ARM\ARMCC\Bin'
Build target 'SmartLock_proj'
assembling startup_stm32f103xe.s...
compiling gpio.c...
compiling stm32f1xx_hal_msp.c...
compiling fsmc.c...
compiling stm32f1xx_ll_fsmc.c...
compiling stm32f1xx_it.c...
compiling stm32f1xx_hal_gpio_ex.c...
compiling main.c...
compiling stm32f1xx_hal.c...
compiling stm32f1xx_hal_gpio.c...
compiling stm32f1xx_hal_rcc.c...
compiling stm32f1xx_hal_dma.c...
compiling stm32f1xx_hal_rcc_ex.c...
compiling stm32f1xx_hal_pwr.c...
compiling stm32f1xx_hal_cortex.c...
compiling stm32f1xx_hal_flash_ex.c...
compiling stm32f1xx_hal_flash.c...
compiling stm32f1xx_hal_tim.c...
compiling stm32f1xx_hal_tim_ex.c...
compiling system_stm32f1xx.c...
compiling stm32f1xx_hal_sram.c...
compiling stm32f1xx_hal_exti.c...
linking...
Program Size: Code=3300 RO-data=372 RW-data=24 ZI-data=1704  
FromELF: creating hex file...
"SmartLock_proj\SmartLock_proj.axf" - 0 Error(s), 0 Warning(s).
Build Time Elapsed:  00:00:22
